[debug] [2021-07-01T16:18:47.735Z] ----------------------------------------------------------------------
[debug] [2021-07-01T16:18:47.737Z] Command:       C:\Program Files\nodejs\node.exe C:\Users\Sensly\AppData\Roaming\npm\node_modules\firebase-tools\lib\bin\firebase.js deploy
[debug] [2021-07-01T16:18:47.737Z] CLI Version:   9.14.0
[debug] [2021-07-01T16:18:47.737Z] Platform:      win32
[debug] [2021-07-01T16:18:47.737Z] Node Version:  v15.14.0
[debug] [2021-07-01T16:18:47.738Z] Time:          Thu Jul 01 2021 21:48:47 GMT+0530 (India Standard Time)
[debug] [2021-07-01T16:18:47.738Z] ----------------------------------------------------------------------
[debug] 
[debug] [2021-07-01T16:18:47.744Z] > command requires scopes: ["email","openid","https://www.googleapis.com/auth/cloudplatformprojects.readonly","https://www.googleapis.com/auth/firebase","https://www.googleapis.com/auth/cloud-platform"]
[debug] [2021-07-01T16:18:47.744Z] > authorizing via signed-in user (sasindusubodhaka@gmail.com)
[debug] [2021-07-01T16:18:47.744Z] [iam] checking project studiowebsite-b7528 for permissions ["firebase.projects.get","firebasehosting.sites.update"]
[debug] [2021-07-01T16:18:47.746Z] >>> HTTP REQUEST POST https://cloudresourcemanager.googleapis.com/v1/projects/studiowebsite-b7528:testIamPermissions  
 {"permissions":["firebase.projects.get","firebasehosting.sites.update"]}
[debug] [2021-07-01T16:18:47.765Z] [iam] error while checking permissions, command may fail: FirebaseError: Server Error. getaddrinfo ENOTFOUND cloudresourcemanager.googleapis.com
[debug] [2021-07-01T16:18:47.766Z] > refreshing access token with scopes: []
[debug] [2021-07-01T16:18:47.766Z] >>> HTTP REQUEST POST https://www.googleapis.com/oauth2/v3/token  
 <request body omitted>
[debug] [2021-07-01T16:18:47.772Z] Authentication Error: Your credentials are no longer valid. Please run firebase login --reauth

For CI servers and headless environments, generate a new token with firebase login:ci
[debug] [2021-07-01T16:18:47.781Z] FirebaseError: Authentication Error: Your credentials are no longer valid. Please run firebase login --reauth

For CI servers and headless environments, generate a new token with firebase login:ci
    at invalidCredentialError (C:\Users\Sensly\AppData\Roaming\npm\node_modules\firebase-tools\lib\auth.js:141:12)
    at refreshTokens (C:\Users\Sensly\AppData\Roaming\npm\node_modules\firebase-tools\lib\auth.js:448:15)
    at processTicksAndRejections (node:internal/process/task_queues:94:5)
    at async Client.getAccessToken (C:\Users\Sensly\AppData\Roaming\npm\node_modules\firebase-tools\lib\apiv2.js:144:23)
    at async Client.addAuthHeader (C:\Users\Sensly\AppData\Roaming\npm\node_modules\firebase-tools\lib\apiv2.js:135:21)
    at async Client.request (C:\Users\Sensly\AppData\Roaming\npm\node_modules\firebase-tools\lib\apiv2.js:93:34)
    at async Object.getFirebaseProject (C:\Users\Sensly\AppData\Roaming\npm\node_modules\firebase-tools\lib\management\projects.js:290:21)
    at async Object.getDefaultHostingSite (C:\Users\Sensly\AppData\Roaming\npm\node_modules\firebase-tools\lib\getDefaultHostingSite.js:8:21)
    at async requireHostingSite (C:\Users\Sensly\AppData\Roaming\npm\node_modules\firebase-tools\lib\requireHostingSite.js:9:18)
    at async Object.fn (C:\Users\Sensly\AppData\Roaming\npm\node_modules\firebase-tools\lib\commands\deploy.js:65:9)
    at async C:\Users\Sensly\AppData\Roaming\npm\node_modules\firebase-tools\lib\command.js:169:17
[error] 
[error] Error: Failed to get Firebase project studiowebsite-b7528. Please make sure the project exists and your account has permission to access it.
[debug] [2021-07-01T16:19:33.299Z] ----------------------------------------------------------------------
[debug] [2021-07-01T16:19:33.300Z] Command:       C:\Program Files\nodejs\node.exe C:\Users\Sensly\AppData\Roaming\npm\node_modules\firebase-tools\lib\bin\firebase.js deploy
[debug] [2021-07-01T16:19:33.301Z] CLI Version:   9.14.0
[debug] [2021-07-01T16:19:33.301Z] Platform:      win32
[debug] [2021-07-01T16:19:33.301Z] Node Version:  v15.14.0
[debug] [2021-07-01T16:19:33.301Z] Time:          Thu Jul 01 2021 21:49:33 GMT+0530 (India Standard Time)
[debug] [2021-07-01T16:19:33.302Z] ----------------------------------------------------------------------
[debug] 
[debug] [2021-07-01T16:19:33.307Z] > command requires scopes: ["email","openid","https://www.googleapis.com/auth/cloudplatformprojects.readonly","https://www.googleapis.com/auth/firebase","https://www.googleapis.com/auth/cloud-platform"]
[debug] [2021-07-01T16:19:33.307Z] > authorizing via signed-in user (sasindusubodhaka@gmail.com)
[debug] [2021-07-01T16:19:33.308Z] [iam] checking project studiowebsite-b7528 for permissions ["firebase.projects.get","firebasehosting.sites.update"]
[debug] [2021-07-01T16:19:33.309Z] >>> HTTP REQUEST POST https://cloudresourcemanager.googleapis.com/v1/projects/studiowebsite-b7528:testIamPermissions  
 {"permissions":["firebase.projects.get","firebasehosting.sites.update"]}
[debug] [2021-07-01T16:19:33.328Z] [iam] error while checking permissions, command may fail: FirebaseError: Server Error. getaddrinfo ENOTFOUND cloudresourcemanager.googleapis.com
[debug] [2021-07-01T16:19:33.330Z] > refreshing access token with scopes: []
[debug] [2021-07-01T16:19:33.330Z] >>> HTTP REQUEST POST https://www.googleapis.com/oauth2/v3/token  
 <request body omitted>
[debug] [2021-07-01T16:19:33.335Z] Authentication Error: Your credentials are no longer valid. Please run firebase login --reauth

For CI servers and headless environments, generate a new token with firebase login:ci
[debug] [2021-07-01T16:19:33.345Z] FirebaseError: Authentication Error: Your credentials are no longer valid. Please run firebase login --reauth

For CI servers and headless environments, generate a new token with firebase login:ci
    at invalidCredentialError (C:\Users\Sensly\AppData\Roaming\npm\node_modules\firebase-tools\lib\auth.js:141:12)
    at refreshTokens (C:\Users\Sensly\AppData\Roaming\npm\node_modules\firebase-tools\lib\auth.js:448:15)
    at processTicksAndRejections (node:internal/process/task_queues:94:5)
    at async Client.getAccessToken (C:\Users\Sensly\AppData\Roaming\npm\node_modules\firebase-tools\lib\apiv2.js:144:23)
    at async Client.addAuthHeader (C:\Users\Sensly\AppData\Roaming\npm\node_modules\firebase-tools\lib\apiv2.js:135:21)
    at async Client.request (C:\Users\Sensly\AppData\Roaming\npm\node_modules\firebase-tools\lib\apiv2.js:93:34)
    at async Object.getFirebaseProject (C:\Users\Sensly\AppData\Roaming\npm\node_modules\firebase-tools\lib\management\projects.js:290:21)
    at async Object.getDefaultHostingSite (C:\Users\Sensly\AppData\Roaming\npm\node_modules\firebase-tools\lib\getDefaultHostingSite.js:8:21)
    at async requireHostingSite (C:\Users\Sensly\AppData\Roaming\npm\node_modules\firebase-tools\lib\requireHostingSite.js:9:18)
    at async Object.fn (C:\Users\Sensly\AppData\Roaming\npm\node_modules\firebase-tools\lib\commands\deploy.js:65:9)
    at async C:\Users\Sensly\AppData\Roaming\npm\node_modules\firebase-tools\lib\command.js:169:17
[error] 
[error] Error: Failed to get Firebase project studiowebsite-b7528. Please make sure the project exists and your account has permission to access it.
